[+] Containers:
 |- [+] Container: /Game/ThirdPerson/Maps/ThirdPersonMap
 |   |- [+] ActorDescs:
 |   |   |- Guid:0205C7AF4FC01369176FDFA50EDEE3A0 BaseClass: NativeClass:/Script/Engine.StaticMeshActor Name:StaticMeshActor_UAID_704D7B3C40A8AAF201_1205789644 Label:Cube33 SpatiallyLoaded:1 Bounds:IsValid=true, Min=(X=54290.219 Y=24347.500 Z=0.063), Max=(X=54562.671 Y=39346.592 Z=1200.063) RuntimeGrid:None EditorOnly:0 RuntimeOnly:0 HLODRelevant:1 ListedInSceneOutliner:1 IsMainWorldOnly:0
 |   |   |- Guid:063F46964DED119C87C95F99D8615198 BaseClass: NativeClass:/Script/Engine.StaticMeshActor Name:StaticMeshActor_UAID_704D7B3C40A8AAF201_1379079645 Label:Cube34 SpatiallyLoaded:1 Bounds:IsValid=true, Min=(X=97172.307 Y=44459.309 Z=0.063), Max=(X=147123.385 Y=46771.076 Z=1200.063) RuntimeGrid:None EditorOnly:0 RuntimeOnly:0 HLODRelevant:1 ListedInSceneOutliner:1 IsMainWorldOnly:0
 |   |   |- Guid:114F779846F20B47971DCDB5EBC363C4 BaseClass: NativeClass:/Script/Engine.StaticMeshActor Name:StaticMeshActor_UAID_704D7B3C40A8AAF201_1769024649 Label:Cube38 SpatiallyLoaded:1 Bounds:IsValid=true, Min=(X=146831.561 Y=24485.706 Z=0.063), Max=(X=147178.166 Y=44484.248 Z=1200.063) RuntimeGrid:None EditorOnly:0 RuntimeOnly:0 HLODRelevant:1 ListedInSceneOutliner:1 IsMainWorldOnly:0
 |   |   |- Guid:12039A0A4A814E29ABCCF9880DC8E904 BaseClass: NativeClass:/Script/Engine.StaticMeshActor Name:StaticMeshActor_UAID_704D7B3C40A8A9F201_1189739459 Label:Cube24 SpatiallyLoaded:1 Bounds:IsValid=true, Min=(X=27559.486 Y=63878.218 Z=0.063), Max=(X=77510.563 Y=66189.985 Z=1200.063) RuntimeGrid:None EditorOnly:0 RuntimeOnly:0 HLODRelevant:1 ListedInSceneOutliner:1 IsMainWorldOnly:0
 |   |   |- Guid:152DBAC242A086B05C3E5FA438DB2E96 BaseClass: NativeClass:/Script/Engine.StaticMeshActor Name:StaticMeshActor_UAID_704D7B3C40A8D6F101_1189505332 Label:Cube11 SpatiallyLoaded:1 Bounds:IsValid=true, Min=(X=74528.328 Y=71187.785 Z=0.064), Max=(X=74826.450 Y=73680.385 Z=1200.064) RuntimeGrid:None EditorOnly:0 RuntimeOnly:0 HLODRelevant:1 ListedInSceneOutliner:1 IsMainWorldOnly:0
 |   |   |- Guid:1960B5084E80F1FF070304A73D8B1F49 BaseClass: NativeClass:/Script/Engine.StaticMeshActor Name:StaticMeshActor_UAID_704D7B3C40A8A9F201_1885301465 Label:Cube30 SpatiallyLoaded:1 Bounds:IsValid=true, Min=(X=96552.931 Y=7419.486 Z=0.063), Max=(X=97270.298 Y=52415.278 Z=1200.063) RuntimeGrid:None EditorOnly:0 RuntimeOnly:0 HLODRelevant:1 ListedInSceneOutliner:1 IsMainWorldOnly:0
 |   |   |- Guid:2302E9754DF2F4C307F8BE902EB5C714 BaseClass: NativeClass:/Script/Engine.StaticMeshActor Name:StaticMeshActor_UAID_704D7B3C40A8AAF201_1894672652 Label:Cube40 SpatiallyLoaded:1 Bounds:IsValid=true, Min=(X=140737.767 Y=14835.018 Z=0.063), Max=(X=140936.066 Y=24834.660 Z=1200.063) RuntimeGrid:None EditorOnly:0 RuntimeOnly:0 HLODRelevant:1 ListedInSceneOutliner:1 IsMainWorldOnly:0
 |   |   |- Guid:23D5EB7B428421870248A289BB5FD32C BaseClass: NativeClass:/Script/Engine.StaticMeshActor Name:StaticMeshActor_UAID_704D7B3C40A8AAF201_1849947651 Label:Cube39 SpatiallyLoaded:1 Bounds:IsValid=true, Min=(X=140935.430 Y=24532.107 Z=0.063), Max=(X=146831.652 Y=24848.950 Z=1200.063) RuntimeGrid:None EditorOnly:0 RuntimeOnly:0 HLODRelevant:1 ListedInSceneOutliner:1 IsMainWorldOnly:0
 |   |   |- Guid:2BB5046645DBD6C1AF60CCBC594DBA51 BaseClass: NativeClass:/Script/Engine.StaticMeshActor Name:StaticMeshActor_UAID_704D7B3C40A8D5F101_2050045152 Label:Cube7 SpatiallyLoaded:1 Bounds:IsValid=true, Min=(X=122105.539 Y=65953.453 Z=0.063), Max=(X=132938.664 Y=67961.281 Z=1200.063) RuntimeGrid:None EditorOnly:0 RuntimeOnly:0 HLODRelevant:1 ListedInSceneOutliner:1 IsMainWorldOnly:0
 |   |   |- Guid:2BDAA8FF409C69278B56B3964EDE93B5 BaseClass: NativeClass:/Script/Engine.StaticMeshActor Name:StaticMeshActor_UAID_704D7B3C40A8A9F201_1709860463 Label:Cube28 SpatiallyLoaded:1 Bounds:IsValid=true, Min=(X=47009.724 Y=39685.787 Z=0.063), Max=(X=47282.176 Y=54684.879 Z=1200.063) RuntimeGrid:None EditorOnly:0 RuntimeOnly:0 HLODRelevant:1 ListedInSceneOutliner:1 IsMainWorldOnly:0
 |   |   |- Guid:2FB58999456391D349DC0F86DAC136ED BaseClass: NativeClass:/Script/Engine.SkyLight Name:SkyLight_1 Label:SkyLight SpatiallyLoaded:0 Bounds:IsValid=true, Min=(X=220.000 Y=0.000 Z=930.000), Max=(X=220.000 Y=0.000 Z=930.000) RuntimeGrid:None EditorOnly:0 RuntimeOnly:0 HLODRelevant:0 ListedInSceneOutliner:1 IsMainWorldOnly:0 FolderPath:Lighting FolderGuid:963EC3EB4002CCE9759E2EBA541A873A
 |   |   |- Guid:316CF2A6494ACA4C0E4180A87D36AB8F BaseClass: NativeClass:/Script/Engine.ExponentialHeightFog Name:ExponentialHeightFog_0 Label:ExponentialHeightFog SpatiallyLoaded:0 Bounds:IsValid=true, Min=(X=-5380.000 Y=-50.000 Z=-6610.000), Max=(X=-5380.000 Y=-50.000 Z=-6610.000) RuntimeGrid:None EditorOnly:0 RuntimeOnly:0 HLODRelevant:0 ListedInSceneOutliner:1 IsMainWorldOnly:0 FolderPath:Lighting FolderGuid:963EC3EB4002CCE9759E2EBA541A873A
 |   |   |- Guid:3412DC0247C2E04D40CBEDB2CE07EB5A BaseClass: NativeClass:/Script/Engine.StaticMeshActor Name:StaticMeshActor_UAID_704D7B3C40A8D5F101_1982693151 Label:Cube6 SpatiallyLoaded:1 Bounds:IsValid=true, Min=(X=132519.745 Y=62846.038 Z=0.064), Max=(X=133013.604 Y=65315.069 Z=1200.064) RuntimeGrid:None EditorOnly:0 RuntimeOnly:0 HLODRelevant:1 ListedInSceneOutliner:1 IsMainWorldOnly:0
 |   |   |- Guid:3A00AA1C422CE54C0BDB60BAF471BFBB BaseClass: NativeClass:/Script/Engine.PlayerStart Name:PlayerStart_0 Label:PlayerStart SpatiallyLoaded:0 Bounds:IsValid=true, Min=(X=111580.000 Y=188240.000 Z=0.013), Max=(X=111660.000 Y=188320.000 Z=184.013) RuntimeGrid:None EditorOnly:0 RuntimeOnly:0 HLODRelevant:0 ListedInSceneOutliner:1 IsMainWorldOnly:0
 |   |   |- Guid:436D07144D37E3F17A31A8BF64557F73 BaseClass: NativeClass:/Script/Engine.StaticMeshActor Name:StaticMeshActor_UAID_704D7B3C40A8A9F201_1672026462 Label:Cube27 SpatiallyLoaded:1 Bounds:IsValid=true, Min=(X=46612.243 Y=7358.482 Z=0.063), Max=(X=96563.321 Y=9670.249 Z=1200.063) RuntimeGrid:None EditorOnly:0 RuntimeOnly:0 HLODRelevant:1 ListedInSceneOutliner:1 IsMainWorldOnly:0
 |   |   |- Guid:4798B79B4FF503BA1F683E81574ECDDA BaseClass: NativeClass:/Script/Engine.StaticMeshActor Name:StaticMeshActor_UAID_704D7B3C40A8A9F201_2089934466 Label:Cube31 SpatiallyLoaded:1 Bounds:IsValid=true, Min=(X=46813.994 Y=24347.324 Z=0.063), Max=(X=54308.578 Y=24736.546 Z=1200.063) RuntimeGrid:None EditorOnly:0 RuntimeOnly:0 HLODRelevant:1 ListedInSceneOutliner:1 IsMainWorldOnly:0
 |   |   |- Guid:4ABFE65349B0AD65D2AC378E9FC6B5FE BaseClass: NativeClass:/Script/Engine.StaticMeshActor Name:StaticMeshActor_UAID_704D7B3C40A8AAF201_1092010643 Label:Cube32 SpatiallyLoaded:1 Bounds:IsValid=true, Min=(X=47010.317 Y=39293.744 Z=0.063), Max=(X=54504.901 Y=39682.965 Z=1200.063) RuntimeGrid:None EditorOnly:0 RuntimeOnly:0 HLODRelevant:1 ListedInSceneOutliner:1 IsMainWorldOnly:0
 |   |   |- Guid:4D3BE93F4146AAAC8BBE79999D96D57F BaseClass: NativeClass:/Script/Engine.VolumetricCloud Name:VolumetricCloud_0 Label:VolumetricCloud SpatiallyLoaded:0 Bounds:IsValid=true, Min=(X=220.000 Y=0.000 Z=1060.000), Max=(X=220.000 Y=0.000 Z=1060.000) RuntimeGrid:None EditorOnly:0 RuntimeOnly:0 HLODRelevant:0 ListedInSceneOutliner:1 IsMainWorldOnly:0 FolderPath:Lighting FolderGuid:963EC3EB4002CCE9759E2EBA541A873A
 |   |   |- Guid:51D4E09B43829F5D8FA2C0834E20164B BaseClass: NativeClass:/Script/Engine.StaticMeshActor Name:StaticMeshActor_UAID_704D7B3C40A8D5F101_2105070153 Label:Cube8 SpatiallyLoaded:1 Bounds:IsValid=true, Min=(X=92235.137 Y=69332.905 Z=0.063), Max=(X=122112.713 Y=72140.419 Z=1200.063) RuntimeGrid:None EditorOnly:0 RuntimeOnly:0 HLODRelevant:1 ListedInSceneOutliner:1 IsMainWorldOnly:0
 |   |   |- Guid:550C68AC4BD0A8AC9254C79ED86E9735 BaseClass: NativeClass:/Script/Engine.StaticMeshActor Name:StaticMeshActor_UAID_704D7B3C40A8A8F201_2037770282 Label:Cube23 SpatiallyLoaded:1 Bounds:IsValid=true, Min=(X=172526.507 Y=129646.736 Z=0.063), Max=(X=179418.606 Y=130970.407 Z=1200.063) RuntimeGrid:None EditorOnly:0 RuntimeOnly:0 HLODRelevant:1 ListedInSceneOutliner:1 IsMainWorldOnly:0
 |   |   |- Guid:56E7FC8E434673E366E2D4AEEF0498BD BaseClass: NativeClass:/Script/Engine.StaticMeshActor Name:StaticMeshActor_UAID_704D7B3C40A8D7F101_1966018517 Label:Cube17 SpatiallyLoaded:1 Bounds:IsValid=true, Min=(X=133028.376 Y=65335.758 Z=0.063), Max=(X=146677.164 Y=136558.189 Z=1200.063) RuntimeGrid:None EditorOnly:0 RuntimeOnly:0 HLODRelevant:1 ListedInSceneOutliner:1 IsMainWorldOnly:0
 |   |   |- Guid:6BAF4DDD444C60371492D3919DB42C97 BaseClass: NativeClass:/Script/Engine.WorldDataLayers Name:WorldDataLayers Label:WorldDataLayers SpatiallyLoaded:0 Bounds:IsValid=true, Min=(X=0.000 Y=0.000 Z=0.000), Max=(X=0.000 Y=0.000 Z=0.000) RuntimeGrid:None EditorOnly:0 RuntimeOnly:0 HLODRelevant:0 ListedInSceneOutliner:1 IsMainWorldOnly:1
 |   |   |- Guid:6FAA65454231E2E044EBA89557986771 BaseClass: NativeClass:/Script/Engine.StaticMeshActor Name:StaticMeshActor_UAID_704D7B3C40A8B1F201_1387402888 Label:P02_LineaFutbol03 SpatiallyLoaded:1 Bounds:IsValid=true, Min=(X=52430.222 Y=214344.761 Z=2.000), Max=(X=183509.778 Y=240881.839 Z=2.000) RuntimeGrid:None EditorOnly:0 RuntimeOnly:0 HLODRelevant:1 ListedInSceneOutliner:1 IsMainWorldOnly:0
 |   |   |- Guid:76A9C9A2446D14D8E7BB8DA8CA9F517C BaseClass: NativeClass:/Script/Engine.StaticMeshActor Name:StaticMeshActor_UAID_704D7B3C40A8ADF201_1712625181 Label:P01_CespedFutbol SpatiallyLoaded:1 Bounds:IsValid=true, Min=(X=97945.552 Y=181965.700 Z=1.000), Max=(X=123454.769 Y=199649.881 Z=1.000) RuntimeGrid:None EditorOnly:0 RuntimeOnly:0 HLODRelevant:1 ListedInSceneOutliner:1 IsMainWorldOnly:0
 |   |   |- Guid:7B5DFF6E4097CF89AECF0686494ECEE6 BaseClass: NativeClass:/Script/Engine.StaticMeshActor Name:StaticMeshActor_UAID_704D7B3C40A8B3F201_1382135244 Label:P02_LineaFutbol05 SpatiallyLoaded:1 Bounds:IsValid=true, Min=(X=109267.976 Y=184783.807 Z=2.000), Max=(X=111756.177 Y=197040.261 Z=2.000) RuntimeGrid:None EditorOnly:0 RuntimeOnly:0 HLODRelevant:1 ListedInSceneOutliner:1 IsMainWorldOnly:0
 |   |   |- Guid:7CF7AA5F43E40E07E1A53D8AFC0C705B BaseClass: NativeClass:/Script/Engine.StaticMeshActor Name:StaticMeshActor_UAID_704D7B3C40A8D5F101_1365483146 Label:Cube3 SpatiallyLoaded:1 Bounds:IsValid=true, Min=(X=110678.918 Y=160.697 Z=0.063), Max=(X=145669.964 Y=1053.901 Z=1200.063) RuntimeGrid:None EditorOnly:0 RuntimeOnly:0 HLODRelevant:1 ListedInSceneOutliner:1 IsMainWorldOnly:0
 |   |   |- Guid:7FE32BCF425A2B7B3876EFB9D46B1B50 BaseClass: NativeClass:/Script/Engine.StaticMeshActor Name:StaticMeshActor_UAID_704D7B3C40A8AAF201_1549078647 Label:Cube36 SpatiallyLoaded:1 Bounds:IsValid=true, Min=(X=96796.851 Y=19670.622 Z=0.063), Max=(X=100994.813 Y=19910.563 Z=1200.063) RuntimeGrid:None EditorOnly:0 RuntimeOnly:0 HLODRelevant:1 ListedInSceneOutliner:1 IsMainWorldOnly:0
 |   |   |- Guid:8275A2374A896A5962D19BBEFC2B6A60 BaseClass: NativeClass:/Script/Engine.StaticMeshActor Name:StaticMeshActor_UAID_704D7B3C40A86AF201_1976230368 Label:Cube18 SpatiallyLoaded:1 Bounds:IsValid=true, Min=(X=170472.889 Y=131037.196 Z=0.063), Max=(X=190396.533 Y=229052.228 Z=1200.063) RuntimeGrid:None EditorOnly:0 RuntimeOnly:0 HLODRelevant:1 ListedInSceneOutliner:1 IsMainWorldOnly:0
 |   |   |- Guid:842986C7441C97516B7A54931A59EA1F BaseClass: NativeClass:/Script/Engine.StaticMeshActor Name:StaticMeshActor_UAID_704D7B3C40A8D7F101_1648566512 Label:Cube14 SpatiallyLoaded:1 Bounds:IsValid=true, Min=(X=164941.741 Y=52037.180 Z=0.063), Max=(X=175561.038 Y=100917.640 Z=1200.063) RuntimeGrid:None EditorOnly:0 RuntimeOnly:0 HLODRelevant:1 ListedInSceneOutliner:1 IsMainWorldOnly:0
 |   |   |- Guid:8834F04445ACED02E48317BA1C6B5EA9 BaseClass: NativeClass:/Script/Engine.StaticMeshActor Name:StaticMeshActor_UAID_704D7B3C40A8D6F101_1171047331 Label:Cube10 SpatiallyLoaded:1 Bounds:IsValid=true, Min=(X=91501.442 Y=69646.504 Z=0.064), Max=(X=91799.565 Y=72139.103 Z=1200.064) RuntimeGrid:None EditorOnly:0 RuntimeOnly:0 HLODRelevant:1 ListedInSceneOutliner:1 IsMainWorldOnly:0
 |   |   |- Guid:8AB690114B9577A75EBAFDB6760CDFF7 BaseClass: NativeClass:/Script/Engine.StaticMeshActor Name:StaticMeshActor_UAID_704D7B3C40A8A8F201_1274830279 Label:Cube20 SpatiallyLoaded:1 Bounds:IsValid=true, Min=(X=34482.676 Y=229298.332 Z=0.063), Max=(X=188670.158 Y=261528.342 Z=1200.063) RuntimeGrid:None EditorOnly:0 RuntimeOnly:0 HLODRelevant:1 ListedInSceneOutliner:1 IsMainWorldOnly:0
 |   |   |- Guid:8D01B23F41CA9439446F84A9339E922B BaseClass: NativeClass:/Script/Engine.StaticMeshActor Name:StaticMeshActor_UAID_704D7B3C40A8D5F101_1879814150 Label:Cube5 SpatiallyLoaded:1 Bounds:IsValid=true, Min=(X=26150.431 Y=-13854.618 Z=0.063), Max=(X=110524.077 Y=76.639 Z=1200.063) RuntimeGrid:None EditorOnly:0 RuntimeOnly:0 HLODRelevant:1 ListedInSceneOutliner:1 IsMainWorldOnly:0
 |   |   |- Guid:9470AD5748C7E9B62C2A4E897AA25C83 BaseClass: NativeClass:/Script/Engine.StaticMeshActor Name:StaticMeshActor_UAID_704D7B3C40A8D7F101_1884703515 Label:Cube16 SpatiallyLoaded:1 Bounds:IsValid=true, Min=(X=31303.656 Y=131075.887 Z=0.063), Max=(X=172765.394 Y=160649.684 Z=1200.063) RuntimeGrid:None EditorOnly:0 RuntimeOnly:0 HLODRelevant:1 ListedInSceneOutliner:1 IsMainWorldOnly:0
 |   |   |- Guid:9804238C4AC6D6AA15E6EDA4443C49A9 BaseClass: NativeClass:/Script/Engine.StaticMeshActor Name:StaticMeshActor_UAID_704D7B3C40A8AAF201_1619224648 Label:Cube37 SpatiallyLoaded:1 Bounds:IsValid=true, Min=(X=100822.270 Y=16692.952 Z=0.063), Max=(X=101000.988 Y=19692.333 Z=1200.063) RuntimeGrid:None EditorOnly:0 RuntimeOnly:0 HLODRelevant:1 ListedInSceneOutliner:1 IsMainWorldOnly:0
 |   |   |- Guid:9D0A29DB44C81100C0C9D4A065B1D6E5 BaseClass: NativeClass:/Script/Engine.StaticMeshActor Name:StaticMeshActor_UAID_704D7B3C40A8D7F101_1698887513 Label:Cube15 SpatiallyLoaded:1 Bounds:IsValid=true, Min=(X=175475.627 Y=100888.170 Z=0.063), Max=(X=179295.504 Y=129648.537 Z=1200.063) RuntimeGrid:None EditorOnly:0 RuntimeOnly:0 HLODRelevant:1 ListedInSceneOutliner:1 IsMainWorldOnly:0
 |   |   |- Guid:9E1321C4413BF0773E78638729692DFE BaseClass: NativeClass:/Script/Engine.StaticMeshActor Name:StaticMeshActor_UAID_704D7B3C40A8AAF201_1478424646 Label:Cube35 SpatiallyLoaded:1 Bounds:IsValid=true, Min=(X=100815.979 Y=14846.068 Z=0.063), Max=(X=140777.293 Y=16705.471 Z=1200.063) RuntimeGrid:None EditorOnly:0 RuntimeOnly:0 HLODRelevant:1 ListedInSceneOutliner:1 IsMainWorldOnly:0
 |   |   |- Guid:A52F26E2434C2D6313537EA06D429575 BaseClass: NativeClass:/Script/Engine.StaticMeshActor Name:StaticMeshActor_UAID_704D7B3C40A8A9F201_1442391461 Label:Cube26 SpatiallyLoaded:1 Bounds:IsValid=true, Min=(X=27342.429 Y=52432.519 Z=0.063), Max=(X=97273.032 Y=55649.013 Z=1200.063) RuntimeGrid:None EditorOnly:0 RuntimeOnly:0 HLODRelevant:1 ListedInSceneOutliner:1 IsMainWorldOnly:0
 |   |   |- Guid:AF9F8938455BBBCE3A6CE99FDCFF9F16 BaseClass: NativeClass:/Script/Engine.StaticMeshActor Name:StaticMeshActor_UAID_704D7B3C40A8A9F201_1276275460 Label:Cube25 SpatiallyLoaded:1 Bounds:IsValid=true, Min=(X=77484.239 Y=63852.834 Z=0.064), Max=(X=78224.460 Y=70773.418 Z=1200.064) RuntimeGrid:None EditorOnly:0 RuntimeOnly:0 HLODRelevant:1 ListedInSceneOutliner:1 IsMainWorldOnly:0
 |   |   |- Guid:B1C741174CBF110770DAF8B3D489EEC0 BaseClass: NativeClass:/Script/Engine.StaticMeshActor Name:StaticMeshActor_UAID_704D7B3C40A8B0F201_2077590710 Label:P02_LineaFutbol01 SpatiallyLoaded:1 Bounds:IsValid=true, Min=(X=168516.589 Y=140935.406 Z=2.000), Max=(X=183445.795 Y=214474.132 Z=2.000) RuntimeGrid:None EditorOnly:0 RuntimeOnly:0 HLODRelevant:1 ListedInSceneOutliner:1 IsMainWorldOnly:0
 |   |   |- Guid:B785ED2844B84CFB91E7F39FE661CD99 BaseClass: NativeClass:/Script/Engine.DirectionalLight Name:DirectionalLight_0 Label:DirectionalLight SpatiallyLoaded:0 Bounds:IsValid=true, Min=(X=-4398046511104.000 Y=-4398046511104.000 Z=-4398046511104.000), Max=(X=4398046511104.000 Y=4398046511104.000 Z=4398046511104.000) RuntimeGrid:None EditorOnly:0 RuntimeOnly:0 HLODRelevant:0 ListedInSceneOutliner:1 IsMainWorldOnly:0 FolderPath:Lighting FolderGuid:963EC3EB4002CCE9759E2EBA541A873A
 |   |   |- Guid:C4E825E349D4EDE467F99B88E7CE9EF6 BaseClass: NativeClass:/Script/Engine.StaticMeshActor Name:StaticMeshActor_UAID_704D7B3C40A8B1F201_1993456889 Label:P02_LineaFutbol04 SpatiallyLoaded:1 Bounds:IsValid=true, Min=(X=37620.222 Y=140923.460 Z=2.000), Max=(X=168699.778 Y=167460.540 Z=2.000) RuntimeGrid:None EditorOnly:0 RuntimeOnly:0 HLODRelevant:1 ListedInSceneOutliner:1 IsMainWorldOnly:0
 |   |   |- Guid:C9494D374DFB2EC477DCA1BD620619D1 BaseClass: NativeClass:/Script/Engine.StaticMeshActor Name:StaticMeshActor_UAID_704D7B3C40A8D5F101_1443063147 Label:Cube4 SpatiallyLoaded:1 Bounds:IsValid=true, Min=(X=135888.624 Y=52772.047 Z=0.063), Max=(X=164903.501 Y=60493.642 Z=1200.063) RuntimeGrid:None EditorOnly:0 RuntimeOnly:0 HLODRelevant:1 ListedInSceneOutliner:1 IsMainWorldOnly:0
 |   |   |- Guid:CCFF262C46EEFFDF319E7F9539CE697E BaseClass: NativeClass:/Script/Engine.SkyAtmosphere Name:SkyAtmosphere_0 Label:SkyAtmosphere SpatiallyLoaded:0 Bounds:IsValid=true, Min=(X=220.000 Y=0.000 Z=1260.000), Max=(X=220.000 Y=0.000 Z=1260.000) RuntimeGrid:None EditorOnly:0 RuntimeOnly:0 HLODRelevant:0 ListedInSceneOutliner:1 IsMainWorldOnly:0 FolderPath:Lighting FolderGuid:963EC3EB4002CCE9759E2EBA541A873A
 |   |   |- Guid:CEE143684606FE162CF2AD9E7F72B9D8 BaseClass: NativeClass:/Script/Engine.StaticMeshActor Name:StaticMeshActor_UAID_704D7B3C40A8B1F201_1267109887 Label:P02_LineaFutbol02 SpatiallyLoaded:1 Bounds:IsValid=true, Min=(X=37584.240 Y=167350.637 Z=2.000), Max=(X=52513.446 Y=240889.363 Z=2.000) RuntimeGrid:None EditorOnly:0 RuntimeOnly:0 HLODRelevant:1 ListedInSceneOutliner:1 IsMainWorldOnly:0
 |   |   |- Guid:D296CCEE4EAD751FA94DAF9CE57CBECD BaseClass: NativeClass:/Script/Engine.StaticMeshActor Name:StaticMeshActor_UAID_704D7B3C40A8D5F101_1086300144 Label:Cube2 SpatiallyLoaded:1 Bounds:IsValid=true, Min=(X=146066.312 Y=1260.610 Z=0.063), Max=(X=164939.416 Y=52955.351 Z=1200.063) RuntimeGrid:None EditorOnly:0 RuntimeOnly:0 HLODRelevant:1 ListedInSceneOutliner:1 IsMainWorldOnly:0
 |   |   |- Guid:D5477B254EA72227077A729757A82CAC BaseClass: NativeClass:/Script/Engine.StaticMeshActor Name:StaticMeshActor_UAID_704D7B3C40A8D5F101_2132811154 Label:Cube9 SpatiallyLoaded:1 Bounds:IsValid=true, Min=(X=121959.559 Y=68005.601 Z=0.064), Max=(X=122075.337 Y=69506.350 Z=1200.064) RuntimeGrid:None EditorOnly:0 RuntimeOnly:0 HLODRelevant:1 ListedInSceneOutliner:1 IsMainWorldOnly:0
 |   |   |- Guid:D60B3B7149F7B55F162AD5B9082A2CCD BaseClass: NativeClass:/Script/Engine.StaticMeshActor Name:StaticMeshActor_UAID_704D7B3C40A8D4F101_1908766967 Label:Cube SpatiallyLoaded:1 Bounds:IsValid=true, Min=(X=26296.903 Y=-13876.511 Z=0.063), Max=(X=27681.643 Y=76114.332 Z=1200.063) RuntimeGrid:None EditorOnly:0 RuntimeOnly:0 HLODRelevant:1 ListedInSceneOutliner:1 IsMainWorldOnly:0
 |   |   |- Guid:D64E44C743F8F54D9D87989BAA76A5A1 BaseClass: NativeClass:/Script/Engine.StaticMeshActor Name:StaticMeshActor_UAID_704D7B3C40A8A8F201_1655958280 Label:Cube21 SpatiallyLoaded:1 Bounds:IsValid=true, Min=(X=27426.777 Y=75837.061 Z=0.063), Max=(X=31558.747 Y=160741.388 Z=1200.063) RuntimeGrid:None EditorOnly:0 RuntimeOnly:0 HLODRelevant:1 ListedInSceneOutliner:1 IsMainWorldOnly:0
 |   |   |- Guid:E69F7399445639972B252F80CD3C4689 BaseClass: NativeClass:/Script/Engine.StaticMeshActor Name:StaticMeshActor_UAID_704D7B3C40A8A9F201_1796117464 Label:Cube29 SpatiallyLoaded:1 Bounds:IsValid=true, Min=(X=46571.849 Y=9680.354 Z=0.063), Max=(X=46844.301 Y=24679.446 Z=1200.063) RuntimeGrid:None EditorOnly:0 RuntimeOnly:0 HLODRelevant:1 ListedInSceneOutliner:1 IsMainWorldOnly:0
 |   |   |- Guid:EC4E0C944CE6AC6E784BC6BB2916EA13 BaseClass: NativeClass:/Script/Engine.StaticMeshActor Name:StaticMeshActor_UAID_A4AE111137DC5EFB00_1110535423 Label:SM_SkySphere SpatiallyLoaded:0 Bounds:IsValid=true, Min=(X=-1638180.000 Y=-1638400.000 Z=-1638160.000), Max=(X=1638620.000 Y=1638400.000 Z=1638640.000) RuntimeGrid:None EditorOnly:0 RuntimeOnly:0 HLODRelevant:1 ListedInSceneOutliner:1 IsMainWorldOnly:0 FolderPath:Lighting FolderGuid:963EC3EB4002CCE9759E2EBA541A873A
 |   |   |- Guid:EF708E7F45C67657CFAAC18101383544 BaseClass: NativeClass:/Script/Engine.StaticMeshActor Name:StaticMeshActor_UAID_704D7B3C40A8A8F201_1748516281 Label:Cube22 SpatiallyLoaded:1 Bounds:IsValid=true, Min=(X=31554.619 Y=161529.688 Z=0.063), Max=(X=34095.859 Y=261499.897 Z=1200.063) RuntimeGrid:None EditorOnly:0 RuntimeOnly:0 HLODRelevant:1 ListedInSceneOutliner:1 IsMainWorldOnly:0
 |   |   |- Guid:F1924B8D48954B30891B2DB6A694F9CC BaseClass: NativeClass:/Script/Engine.StaticMeshActor Name:StaticMeshActor_1 Label:SM_Cube SpatiallyLoaded:1 Bounds:IsValid=true, Min=(X=0.000 Y=-20690.000 Z=-50.000), Max=(X=200000.000 Y=279310.000 Z=0.000) RuntimeGrid:None EditorOnly:0 RuntimeOnly:0 HLODRelevant:1 ListedInSceneOutliner:1 IsMainWorldOnly:0 FolderPath:Playground FolderGuid:C73F09FC4215536B1DCE2A9E0A830C70
 |   |   |- Guid:F5E3FEB3450C49844FD93DA8E083C8AD BaseClass: NativeClass:/Script/Engine.PostProcessVolume Name:PostProcessVolume_0 Label:PostProcessVolume SpatiallyLoaded:0 Bounds:IsValid=true, Min=(X=220.000 Y=0.000 Z=640.000), Max=(X=420.000 Y=200.000 Z=840.000) RuntimeGrid:None EditorOnly:0 RuntimeOnly:0 HLODRelevant:0 ListedInSceneOutliner:1 IsMainWorldOnly:0 FolderPath:Lighting FolderGuid:963EC3EB4002CCE9759E2EBA541A873A
 |   |   |- Guid:F7CCB3AC44E03428F1CFAF80475B9BB5 BaseClass: NativeClass:/Script/Engine.StaticMeshActor Name:StaticMeshActor_UAID_704D7B3C40A8D6F101_1201369333 Label:Cube12 SpatiallyLoaded:1 Bounds:IsValid=true, Min=(X=27305.366 Y=73632.674 Z=0.063), Max=(X=74759.003 Y=75831.350 Z=1200.063) RuntimeGrid:None EditorOnly:0 RuntimeOnly:0 HLODRelevant:1 ListedInSceneOutliner:1 IsMainWorldOnly:0
 |   |   |- Guid:FBD9C2FF4E92A198717534842C8F5F10 BaseClass: NativeClass:/Script/Engine.StaticMeshActor Name:StaticMeshActor_UAID_704D7B3C40A8D6F101_1205313334 Label:Cube13 SpatiallyLoaded:1 Bounds:IsValid=true, Min=(X=74574.837 Y=69421.616 Z=0.063), Max=(X=91492.117 Y=71196.846 Z=1200.063) RuntimeGrid:None EditorOnly:0 RuntimeOnly:0 HLODRelevant:1 ListedInSceneOutliner:1 IsMainWorldOnly:0
 |   |- [+] Clusters:
 |   |   |- [+] [  0]
 |   |   |   |- Guid:0205C7AF4FC01369176FDFA50EDEE3A0 BaseClass: NativeClass:/Script/Engine.StaticMeshActor Name:StaticMeshActor_UAID_704D7B3C40A8AAF201_1205789644 Label:Cube33 SpatiallyLoaded:1 Bounds:IsValid=true, Min=(X=54290.219 Y=24347.500 Z=0.063), Max=(X=54562.671 Y=39346.592 Z=1200.063) RuntimeGrid:None EditorOnly:0 RuntimeOnly:0 HLODRelevant:1 ListedInSceneOutliner:1 IsMainWorldOnly:0
 |   |   |- [+] [  1]
 |   |   |   |- Guid:063F46964DED119C87C95F99D8615198 BaseClass: NativeClass:/Script/Engine.StaticMeshActor Name:StaticMeshActor_UAID_704D7B3C40A8AAF201_1379079645 Label:Cube34 SpatiallyLoaded:1 Bounds:IsValid=true, Min=(X=97172.307 Y=44459.309 Z=0.063), Max=(X=147123.385 Y=46771.076 Z=1200.063) RuntimeGrid:None EditorOnly:0 RuntimeOnly:0 HLODRelevant:1 ListedInSceneOutliner:1 IsMainWorldOnly:0
 |   |   |- [+] [  2]
 |   |   |   |- Guid:114F779846F20B47971DCDB5EBC363C4 BaseClass: NativeClass:/Script/Engine.StaticMeshActor Name:StaticMeshActor_UAID_704D7B3C40A8AAF201_1769024649 Label:Cube38 SpatiallyLoaded:1 Bounds:IsValid=true, Min=(X=146831.561 Y=24485.706 Z=0.063), Max=(X=147178.166 Y=44484.248 Z=1200.063) RuntimeGrid:None EditorOnly:0 RuntimeOnly:0 HLODRelevant:1 ListedInSceneOutliner:1 IsMainWorldOnly:0
 |   |   |- [+] [  3]
 |   |   |   |- Guid:12039A0A4A814E29ABCCF9880DC8E904 BaseClass: NativeClass:/Script/Engine.StaticMeshActor Name:StaticMeshActor_UAID_704D7B3C40A8A9F201_1189739459 Label:Cube24 SpatiallyLoaded:1 Bounds:IsValid=true, Min=(X=27559.486 Y=63878.218 Z=0.063), Max=(X=77510.563 Y=66189.985 Z=1200.063) RuntimeGrid:None EditorOnly:0 RuntimeOnly:0 HLODRelevant:1 ListedInSceneOutliner:1 IsMainWorldOnly:0
 |   |   |- [+] [  4]
 |   |   |   |- Guid:152DBAC242A086B05C3E5FA438DB2E96 BaseClass: NativeClass:/Script/Engine.StaticMeshActor Name:StaticMeshActor_UAID_704D7B3C40A8D6F101_1189505332 Label:Cube11 SpatiallyLoaded:1 Bounds:IsValid=true, Min=(X=74528.328 Y=71187.785 Z=0.064), Max=(X=74826.450 Y=73680.385 Z=1200.064) RuntimeGrid:None EditorOnly:0 RuntimeOnly:0 HLODRelevant:1 ListedInSceneOutliner:1 IsMainWorldOnly:0
 |   |   |- [+] [  5]
 |   |   |   |- Guid:1960B5084E80F1FF070304A73D8B1F49 BaseClass: NativeClass:/Script/Engine.StaticMeshActor Name:StaticMeshActor_UAID_704D7B3C40A8A9F201_1885301465 Label:Cube30 SpatiallyLoaded:1 Bounds:IsValid=true, Min=(X=96552.931 Y=7419.486 Z=0.063), Max=(X=97270.298 Y=52415.278 Z=1200.063) RuntimeGrid:None EditorOnly:0 RuntimeOnly:0 HLODRelevant:1 ListedInSceneOutliner:1 IsMainWorldOnly:0
 |   |   |- [+] [  6]
 |   |   |   |- Guid:2302E9754DF2F4C307F8BE902EB5C714 BaseClass: NativeClass:/Script/Engine.StaticMeshActor Name:StaticMeshActor_UAID_704D7B3C40A8AAF201_1894672652 Label:Cube40 SpatiallyLoaded:1 Bounds:IsValid=true, Min=(X=140737.767 Y=14835.018 Z=0.063), Max=(X=140936.066 Y=24834.660 Z=1200.063) RuntimeGrid:None EditorOnly:0 RuntimeOnly:0 HLODRelevant:1 ListedInSceneOutliner:1 IsMainWorldOnly:0
 |   |   |- [+] [  7]
 |   |   |   |- Guid:23D5EB7B428421870248A289BB5FD32C BaseClass: NativeClass:/Script/Engine.StaticMeshActor Name:StaticMeshActor_UAID_704D7B3C40A8AAF201_1849947651 Label:Cube39 SpatiallyLoaded:1 Bounds:IsValid=true, Min=(X=140935.430 Y=24532.107 Z=0.063), Max=(X=146831.652 Y=24848.950 Z=1200.063) RuntimeGrid:None EditorOnly:0 RuntimeOnly:0 HLODRelevant:1 ListedInSceneOutliner:1 IsMainWorldOnly:0
 |   |   |- [+] [  8]
 |   |   |   |- Guid:2BB5046645DBD6C1AF60CCBC594DBA51 BaseClass: NativeClass:/Script/Engine.StaticMeshActor Name:StaticMeshActor_UAID_704D7B3C40A8D5F101_2050045152 Label:Cube7 SpatiallyLoaded:1 Bounds:IsValid=true, Min=(X=122105.539 Y=65953.453 Z=0.063), Max=(X=132938.664 Y=67961.281 Z=1200.063) RuntimeGrid:None EditorOnly:0 RuntimeOnly:0 HLODRelevant:1 ListedInSceneOutliner:1 IsMainWorldOnly:0
 |   |   |- [+] [  9]
 |   |   |   |- Guid:2BDAA8FF409C69278B56B3964EDE93B5 BaseClass: NativeClass:/Script/Engine.StaticMeshActor Name:StaticMeshActor_UAID_704D7B3C40A8A9F201_1709860463 Label:Cube28 SpatiallyLoaded:1 Bounds:IsValid=true, Min=(X=47009.724 Y=39685.787 Z=0.063), Max=(X=47282.176 Y=54684.879 Z=1200.063) RuntimeGrid:None EditorOnly:0 RuntimeOnly:0 HLODRelevant:1 ListedInSceneOutliner:1 IsMainWorldOnly:0
 |   |   |- [+] [ 10]
 |   |   |   |- Guid:2FB58999456391D349DC0F86DAC136ED BaseClass: NativeClass:/Script/Engine.SkyLight Name:SkyLight_1 Label:SkyLight SpatiallyLoaded:0 Bounds:IsValid=true, Min=(X=220.000 Y=0.000 Z=930.000), Max=(X=220.000 Y=0.000 Z=930.000) RuntimeGrid:None EditorOnly:0 RuntimeOnly:0 HLODRelevant:0 ListedInSceneOutliner:1 IsMainWorldOnly:0 FolderPath:Lighting FolderGuid:963EC3EB4002CCE9759E2EBA541A873A
 |   |   |- [+] [ 11]
 |   |   |   |- Guid:316CF2A6494ACA4C0E4180A87D36AB8F BaseClass: NativeClass:/Script/Engine.ExponentialHeightFog Name:ExponentialHeightFog_0 Label:ExponentialHeightFog SpatiallyLoaded:0 Bounds:IsValid=true, Min=(X=-5380.000 Y=-50.000 Z=-6610.000), Max=(X=-5380.000 Y=-50.000 Z=-6610.000) RuntimeGrid:None EditorOnly:0 RuntimeOnly:0 HLODRelevant:0 ListedInSceneOutliner:1 IsMainWorldOnly:0 FolderPath:Lighting FolderGuid:963EC3EB4002CCE9759E2EBA541A873A
 |   |   |- [+] [ 12]
 |   |   |   |- Guid:3412DC0247C2E04D40CBEDB2CE07EB5A BaseClass: NativeClass:/Script/Engine.StaticMeshActor Name:StaticMeshActor_UAID_704D7B3C40A8D5F101_1982693151 Label:Cube6 SpatiallyLoaded:1 Bounds:IsValid=true, Min=(X=132519.745 Y=62846.038 Z=0.064), Max=(X=133013.604 Y=65315.069 Z=1200.064) RuntimeGrid:None EditorOnly:0 RuntimeOnly:0 HLODRelevant:1 ListedInSceneOutliner:1 IsMainWorldOnly:0
 |   |   |- [+] [ 13]
 |   |   |   |- Guid:3A00AA1C422CE54C0BDB60BAF471BFBB BaseClass: NativeClass:/Script/Engine.PlayerStart Name:PlayerStart_0 Label:PlayerStart SpatiallyLoaded:0 Bounds:IsValid=true, Min=(X=111580.000 Y=188240.000 Z=0.013), Max=(X=111660.000 Y=188320.000 Z=184.013) RuntimeGrid:None EditorOnly:0 RuntimeOnly:0 HLODRelevant:0 ListedInSceneOutliner:1 IsMainWorldOnly:0
 |   |   |- [+] [ 14]
 |   |   |   |- Guid:436D07144D37E3F17A31A8BF64557F73 BaseClass: NativeClass:/Script/Engine.StaticMeshActor Name:StaticMeshActor_UAID_704D7B3C40A8A9F201_1672026462 Label:Cube27 SpatiallyLoaded:1 Bounds:IsValid=true, Min=(X=46612.243 Y=7358.482 Z=0.063), Max=(X=96563.321 Y=9670.249 Z=1200.063) RuntimeGrid:None EditorOnly:0 RuntimeOnly:0 HLODRelevant:1 ListedInSceneOutliner:1 IsMainWorldOnly:0
 |   |   |- [+] [ 15]
 |   |   |   |- Guid:4798B79B4FF503BA1F683E81574ECDDA BaseClass: NativeClass:/Script/Engine.StaticMeshActor Name:StaticMeshActor_UAID_704D7B3C40A8A9F201_2089934466 Label:Cube31 SpatiallyLoaded:1 Bounds:IsValid=true, Min=(X=46813.994 Y=24347.324 Z=0.063), Max=(X=54308.578 Y=24736.546 Z=1200.063) RuntimeGrid:None EditorOnly:0 RuntimeOnly:0 HLODRelevant:1 ListedInSceneOutliner:1 IsMainWorldOnly:0
 |   |   |- [+] [ 16]
 |   |   |   |- Guid:4ABFE65349B0AD65D2AC378E9FC6B5FE BaseClass: NativeClass:/Script/Engine.StaticMeshActor Name:StaticMeshActor_UAID_704D7B3C40A8AAF201_1092010643 Label:Cube32 SpatiallyLoaded:1 Bounds:IsValid=true, Min=(X=47010.317 Y=39293.744 Z=0.063), Max=(X=54504.901 Y=39682.965 Z=1200.063) RuntimeGrid:None EditorOnly:0 RuntimeOnly:0 HLODRelevant:1 ListedInSceneOutliner:1 IsMainWorldOnly:0
 |   |   |- [+] [ 17]
 |   |   |   |- Guid:4D3BE93F4146AAAC8BBE79999D96D57F BaseClass: NativeClass:/Script/Engine.VolumetricCloud Name:VolumetricCloud_0 Label:VolumetricCloud SpatiallyLoaded:0 Bounds:IsValid=true, Min=(X=220.000 Y=0.000 Z=1060.000), Max=(X=220.000 Y=0.000 Z=1060.000) RuntimeGrid:None EditorOnly:0 RuntimeOnly:0 HLODRelevant:0 ListedInSceneOutliner:1 IsMainWorldOnly:0 FolderPath:Lighting FolderGuid:963EC3EB4002CCE9759E2EBA541A873A
 |   |   |- [+] [ 18]
 |   |   |   |- Guid:51D4E09B43829F5D8FA2C0834E20164B BaseClass: NativeClass:/Script/Engine.StaticMeshActor Name:StaticMeshActor_UAID_704D7B3C40A8D5F101_2105070153 Label:Cube8 SpatiallyLoaded:1 Bounds:IsValid=true, Min=(X=92235.137 Y=69332.905 Z=0.063), Max=(X=122112.713 Y=72140.419 Z=1200.063) RuntimeGrid:None EditorOnly:0 RuntimeOnly:0 HLODRelevant:1 ListedInSceneOutliner:1 IsMainWorldOnly:0
 |   |   |- [+] [ 19]
 |   |   |   |- Guid:550C68AC4BD0A8AC9254C79ED86E9735 BaseClass: NativeClass:/Script/Engine.StaticMeshActor Name:StaticMeshActor_UAID_704D7B3C40A8A8F201_2037770282 Label:Cube23 SpatiallyLoaded:1 Bounds:IsValid=true, Min=(X=172526.507 Y=129646.736 Z=0.063), Max=(X=179418.606 Y=130970.407 Z=1200.063) RuntimeGrid:None EditorOnly:0 RuntimeOnly:0 HLODRelevant:1 ListedInSceneOutliner:1 IsMainWorldOnly:0
 |   |   |- [+] [ 20]
 |   |   |   |- Guid:56E7FC8E434673E366E2D4AEEF0498BD BaseClass: NativeClass:/Script/Engine.StaticMeshActor Name:StaticMeshActor_UAID_704D7B3C40A8D7F101_1966018517 Label:Cube17 SpatiallyLoaded:1 Bounds:IsValid=true, Min=(X=133028.376 Y=65335.758 Z=0.063), Max=(X=146677.164 Y=136558.189 Z=1200.063) RuntimeGrid:None EditorOnly:0 RuntimeOnly:0 HLODRelevant:1 ListedInSceneOutliner:1 IsMainWorldOnly:0
 |   |   |- [+] [ 21]
 |   |   |   |- Guid:6BAF4DDD444C60371492D3919DB42C97 BaseClass: NativeClass:/Script/Engine.WorldDataLayers Name:WorldDataLayers Label:WorldDataLayers SpatiallyLoaded:0 Bounds:IsValid=true, Min=(X=0.000 Y=0.000 Z=0.000), Max=(X=0.000 Y=0.000 Z=0.000) RuntimeGrid:None EditorOnly:0 RuntimeOnly:0 HLODRelevant:0 ListedInSceneOutliner:1 IsMainWorldOnly:1
 |   |   |- [+] [ 22]
 |   |   |   |- Guid:6FAA65454231E2E044EBA89557986771 BaseClass: NativeClass:/Script/Engine.StaticMeshActor Name:StaticMeshActor_UAID_704D7B3C40A8B1F201_1387402888 Label:P02_LineaFutbol03 SpatiallyLoaded:1 Bounds:IsValid=true, Min=(X=52430.222 Y=214344.761 Z=2.000), Max=(X=183509.778 Y=240881.839 Z=2.000) RuntimeGrid:None EditorOnly:0 RuntimeOnly:0 HLODRelevant:1 ListedInSceneOutliner:1 IsMainWorldOnly:0
 |   |   |- [+] [ 23]
 |   |   |   |- Guid:76A9C9A2446D14D8E7BB8DA8CA9F517C BaseClass: NativeClass:/Script/Engine.StaticMeshActor Name:StaticMeshActor_UAID_704D7B3C40A8ADF201_1712625181 Label:P01_CespedFutbol SpatiallyLoaded:1 Bounds:IsValid=true, Min=(X=97945.552 Y=181965.700 Z=1.000), Max=(X=123454.769 Y=199649.881 Z=1.000) RuntimeGrid:None EditorOnly:0 RuntimeOnly:0 HLODRelevant:1 ListedInSceneOutliner:1 IsMainWorldOnly:0
 |   |   |- [+] [ 24]
 |   |   |   |- Guid:7B5DFF6E4097CF89AECF0686494ECEE6 BaseClass: NativeClass:/Script/Engine.StaticMeshActor Name:StaticMeshActor_UAID_704D7B3C40A8B3F201_1382135244 Label:P02_LineaFutbol05 SpatiallyLoaded:1 Bounds:IsValid=true, Min=(X=109267.976 Y=184783.807 Z=2.000), Max=(X=111756.177 Y=197040.261 Z=2.000) RuntimeGrid:None EditorOnly:0 RuntimeOnly:0 HLODRelevant:1 ListedInSceneOutliner:1 IsMainWorldOnly:0
 |   |   |- [+] [ 25]
 |   |   |   |- Guid:7CF7AA5F43E40E07E1A53D8AFC0C705B BaseClass: NativeClass:/Script/Engine.StaticMeshActor Name:StaticMeshActor_UAID_704D7B3C40A8D5F101_1365483146 Label:Cube3 SpatiallyLoaded:1 Bounds:IsValid=true, Min=(X=110678.918 Y=160.697 Z=0.063), Max=(X=145669.964 Y=1053.901 Z=1200.063) RuntimeGrid:None EditorOnly:0 RuntimeOnly:0 HLODRelevant:1 ListedInSceneOutliner:1 IsMainWorldOnly:0
 |   |   |- [+] [ 26]
 |   |   |   |- Guid:7FE32BCF425A2B7B3876EFB9D46B1B50 BaseClass: NativeClass:/Script/Engine.StaticMeshActor Name:StaticMeshActor_UAID_704D7B3C40A8AAF201_1549078647 Label:Cube36 SpatiallyLoaded:1 Bounds:IsValid=true, Min=(X=96796.851 Y=19670.622 Z=0.063), Max=(X=100994.813 Y=19910.563 Z=1200.063) RuntimeGrid:None EditorOnly:0 RuntimeOnly:0 HLODRelevant:1 ListedInSceneOutliner:1 IsMainWorldOnly:0
 |   |   |- [+] [ 27]
 |   |   |   |- Guid:8275A2374A896A5962D19BBEFC2B6A60 BaseClass: NativeClass:/Script/Engine.StaticMeshActor Name:StaticMeshActor_UAID_704D7B3C40A86AF201_1976230368 Label:Cube18 SpatiallyLoaded:1 Bounds:IsValid=true, Min=(X=170472.889 Y=131037.196 Z=0.063), Max=(X=190396.533 Y=229052.228 Z=1200.063) RuntimeGrid:None EditorOnly:0 RuntimeOnly:0 HLODRelevant:1 ListedInSceneOutliner:1 IsMainWorldOnly:0
 |   |   |- [+] [ 28]
 |   |   |   |- Guid:842986C7441C97516B7A54931A59EA1F BaseClass: NativeClass:/Script/Engine.StaticMeshActor Name:StaticMeshActor_UAID_704D7B3C40A8D7F101_1648566512 Label:Cube14 SpatiallyLoaded:1 Bounds:IsValid=true, Min=(X=164941.741 Y=52037.180 Z=0.063), Max=(X=175561.038 Y=100917.640 Z=1200.063) RuntimeGrid:None EditorOnly:0 RuntimeOnly:0 HLODRelevant:1 ListedInSceneOutliner:1 IsMainWorldOnly:0
 |   |   |- [+] [ 29]
 |   |   |   |- Guid:8834F04445ACED02E48317BA1C6B5EA9 BaseClass: NativeClass:/Script/Engine.StaticMeshActor Name:StaticMeshActor_UAID_704D7B3C40A8D6F101_1171047331 Label:Cube10 SpatiallyLoaded:1 Bounds:IsValid=true, Min=(X=91501.442 Y=69646.504 Z=0.064), Max=(X=91799.565 Y=72139.103 Z=1200.064) RuntimeGrid:None EditorOnly:0 RuntimeOnly:0 HLODRelevant:1 ListedInSceneOutliner:1 IsMainWorldOnly:0
 |   |   |- [+] [ 30]
 |   |   |   |- Guid:8AB690114B9577A75EBAFDB6760CDFF7 BaseClass: NativeClass:/Script/Engine.StaticMeshActor Name:StaticMeshActor_UAID_704D7B3C40A8A8F201_1274830279 Label:Cube20 SpatiallyLoaded:1 Bounds:IsValid=true, Min=(X=34482.676 Y=229298.332 Z=0.063), Max=(X=188670.158 Y=261528.342 Z=1200.063) RuntimeGrid:None EditorOnly:0 RuntimeOnly:0 HLODRelevant:1 ListedInSceneOutliner:1 IsMainWorldOnly:0
 |   |   |- [+] [ 31]
 |   |   |   |- Guid:8D01B23F41CA9439446F84A9339E922B BaseClass: NativeClass:/Script/Engine.StaticMeshActor Name:StaticMeshActor_UAID_704D7B3C40A8D5F101_1879814150 Label:Cube5 SpatiallyLoaded:1 Bounds:IsValid=true, Min=(X=26150.431 Y=-13854.618 Z=0.063), Max=(X=110524.077 Y=76.639 Z=1200.063) RuntimeGrid:None EditorOnly:0 RuntimeOnly:0 HLODRelevant:1 ListedInSceneOutliner:1 IsMainWorldOnly:0
 |   |   |- [+] [ 32]
 |   |   |   |- Guid:9470AD5748C7E9B62C2A4E897AA25C83 BaseClass: NativeClass:/Script/Engine.StaticMeshActor Name:StaticMeshActor_UAID_704D7B3C40A8D7F101_1884703515 Label:Cube16 SpatiallyLoaded:1 Bounds:IsValid=true, Min=(X=31303.656 Y=131075.887 Z=0.063), Max=(X=172765.394 Y=160649.684 Z=1200.063) RuntimeGrid:None EditorOnly:0 RuntimeOnly:0 HLODRelevant:1 ListedInSceneOutliner:1 IsMainWorldOnly:0
 |   |   |- [+] [ 33]
 |   |   |   |- Guid:9804238C4AC6D6AA15E6EDA4443C49A9 BaseClass: NativeClass:/Script/Engine.StaticMeshActor Name:StaticMeshActor_UAID_704D7B3C40A8AAF201_1619224648 Label:Cube37 SpatiallyLoaded:1 Bounds:IsValid=true, Min=(X=100822.270 Y=16692.952 Z=0.063), Max=(X=101000.988 Y=19692.333 Z=1200.063) RuntimeGrid:None EditorOnly:0 RuntimeOnly:0 HLODRelevant:1 ListedInSceneOutliner:1 IsMainWorldOnly:0
 |   |   |- [+] [ 34]
 |   |   |   |- Guid:9D0A29DB44C81100C0C9D4A065B1D6E5 BaseClass: NativeClass:/Script/Engine.StaticMeshActor Name:StaticMeshActor_UAID_704D7B3C40A8D7F101_1698887513 Label:Cube15 SpatiallyLoaded:1 Bounds:IsValid=true, Min=(X=175475.627 Y=100888.170 Z=0.063), Max=(X=179295.504 Y=129648.537 Z=1200.063) RuntimeGrid:None EditorOnly:0 RuntimeOnly:0 HLODRelevant:1 ListedInSceneOutliner:1 IsMainWorldOnly:0
 |   |   |- [+] [ 35]
 |   |   |   |- Guid:9E1321C4413BF0773E78638729692DFE BaseClass: NativeClass:/Script/Engine.StaticMeshActor Name:StaticMeshActor_UAID_704D7B3C40A8AAF201_1478424646 Label:Cube35 SpatiallyLoaded:1 Bounds:IsValid=true, Min=(X=100815.979 Y=14846.068 Z=0.063), Max=(X=140777.293 Y=16705.471 Z=1200.063) RuntimeGrid:None EditorOnly:0 RuntimeOnly:0 HLODRelevant:1 ListedInSceneOutliner:1 IsMainWorldOnly:0
 |   |   |- [+] [ 36]
 |   |   |   |- Guid:A52F26E2434C2D6313537EA06D429575 BaseClass: NativeClass:/Script/Engine.StaticMeshActor Name:StaticMeshActor_UAID_704D7B3C40A8A9F201_1442391461 Label:Cube26 SpatiallyLoaded:1 Bounds:IsValid=true, Min=(X=27342.429 Y=52432.519 Z=0.063), Max=(X=97273.032 Y=55649.013 Z=1200.063) RuntimeGrid:None EditorOnly:0 RuntimeOnly:0 HLODRelevant:1 ListedInSceneOutliner:1 IsMainWorldOnly:0
 |   |   |- [+] [ 37]
 |   |   |   |- Guid:AF9F8938455BBBCE3A6CE99FDCFF9F16 BaseClass: NativeClass:/Script/Engine.StaticMeshActor Name:StaticMeshActor_UAID_704D7B3C40A8A9F201_1276275460 Label:Cube25 SpatiallyLoaded:1 Bounds:IsValid=true, Min=(X=77484.239 Y=63852.834 Z=0.064), Max=(X=78224.460 Y=70773.418 Z=1200.064) RuntimeGrid:None EditorOnly:0 RuntimeOnly:0 HLODRelevant:1 ListedInSceneOutliner:1 IsMainWorldOnly:0
 |   |   |- [+] [ 38]
 |   |   |   |- Guid:B1C741174CBF110770DAF8B3D489EEC0 BaseClass: NativeClass:/Script/Engine.StaticMeshActor Name:StaticMeshActor_UAID_704D7B3C40A8B0F201_2077590710 Label:P02_LineaFutbol01 SpatiallyLoaded:1 Bounds:IsValid=true, Min=(X=168516.589 Y=140935.406 Z=2.000), Max=(X=183445.795 Y=214474.132 Z=2.000) RuntimeGrid:None EditorOnly:0 RuntimeOnly:0 HLODRelevant:1 ListedInSceneOutliner:1 IsMainWorldOnly:0
 |   |   |- [+] [ 39]
 |   |   |   |- Guid:B785ED2844B84CFB91E7F39FE661CD99 BaseClass: NativeClass:/Script/Engine.DirectionalLight Name:DirectionalLight_0 Label:DirectionalLight SpatiallyLoaded:0 Bounds:IsValid=true, Min=(X=-4398046511104.000 Y=-4398046511104.000 Z=-4398046511104.000), Max=(X=4398046511104.000 Y=4398046511104.000 Z=4398046511104.000) RuntimeGrid:None EditorOnly:0 RuntimeOnly:0 HLODRelevant:0 ListedInSceneOutliner:1 IsMainWorldOnly:0 FolderPath:Lighting FolderGuid:963EC3EB4002CCE9759E2EBA541A873A
 |   |   |- [+] [ 40]
 |   |   |   |- Guid:C4E825E349D4EDE467F99B88E7CE9EF6 BaseClass: NativeClass:/Script/Engine.StaticMeshActor Name:StaticMeshActor_UAID_704D7B3C40A8B1F201_1993456889 Label:P02_LineaFutbol04 SpatiallyLoaded:1 Bounds:IsValid=true, Min=(X=37620.222 Y=140923.460 Z=2.000), Max=(X=168699.778 Y=167460.540 Z=2.000) RuntimeGrid:None EditorOnly:0 RuntimeOnly:0 HLODRelevant:1 ListedInSceneOutliner:1 IsMainWorldOnly:0
 |   |   |- [+] [ 41]
 |   |   |   |- Guid:C9494D374DFB2EC477DCA1BD620619D1 BaseClass: NativeClass:/Script/Engine.StaticMeshActor Name:StaticMeshActor_UAID_704D7B3C40A8D5F101_1443063147 Label:Cube4 SpatiallyLoaded:1 Bounds:IsValid=true, Min=(X=135888.624 Y=52772.047 Z=0.063), Max=(X=164903.501 Y=60493.642 Z=1200.063) RuntimeGrid:None EditorOnly:0 RuntimeOnly:0 HLODRelevant:1 ListedInSceneOutliner:1 IsMainWorldOnly:0
 |   |   |- [+] [ 42]
 |   |   |   |- Guid:CCFF262C46EEFFDF319E7F9539CE697E BaseClass: NativeClass:/Script/Engine.SkyAtmosphere Name:SkyAtmosphere_0 Label:SkyAtmosphere SpatiallyLoaded:0 Bounds:IsValid=true, Min=(X=220.000 Y=0.000 Z=1260.000), Max=(X=220.000 Y=0.000 Z=1260.000) RuntimeGrid:None EditorOnly:0 RuntimeOnly:0 HLODRelevant:0 ListedInSceneOutliner:1 IsMainWorldOnly:0 FolderPath:Lighting FolderGuid:963EC3EB4002CCE9759E2EBA541A873A
 |   |   |- [+] [ 43]
 |   |   |   |- Guid:CEE143684606FE162CF2AD9E7F72B9D8 BaseClass: NativeClass:/Script/Engine.StaticMeshActor Name:StaticMeshActor_UAID_704D7B3C40A8B1F201_1267109887 Label:P02_LineaFutbol02 SpatiallyLoaded:1 Bounds:IsValid=true, Min=(X=37584.240 Y=167350.637 Z=2.000), Max=(X=52513.446 Y=240889.363 Z=2.000) RuntimeGrid:None EditorOnly:0 RuntimeOnly:0 HLODRelevant:1 ListedInSceneOutliner:1 IsMainWorldOnly:0
 |   |   |- [+] [ 44]
 |   |   |   |- Guid:D296CCEE4EAD751FA94DAF9CE57CBECD BaseClass: NativeClass:/Script/Engine.StaticMeshActor Name:StaticMeshActor_UAID_704D7B3C40A8D5F101_1086300144 Label:Cube2 SpatiallyLoaded:1 Bounds:IsValid=true, Min=(X=146066.312 Y=1260.610 Z=0.063), Max=(X=164939.416 Y=52955.351 Z=1200.063) RuntimeGrid:None EditorOnly:0 RuntimeOnly:0 HLODRelevant:1 ListedInSceneOutliner:1 IsMainWorldOnly:0
 |   |   |- [+] [ 45]
 |   |   |   |- Guid:D5477B254EA72227077A729757A82CAC BaseClass: NativeClass:/Script/Engine.StaticMeshActor Name:StaticMeshActor_UAID_704D7B3C40A8D5F101_2132811154 Label:Cube9 SpatiallyLoaded:1 Bounds:IsValid=true, Min=(X=121959.559 Y=68005.601 Z=0.064), Max=(X=122075.337 Y=69506.350 Z=1200.064) RuntimeGrid:None EditorOnly:0 RuntimeOnly:0 HLODRelevant:1 ListedInSceneOutliner:1 IsMainWorldOnly:0
 |   |   |- [+] [ 46]
 |   |   |   |- Guid:D60B3B7149F7B55F162AD5B9082A2CCD BaseClass: NativeClass:/Script/Engine.StaticMeshActor Name:StaticMeshActor_UAID_704D7B3C40A8D4F101_1908766967 Label:Cube SpatiallyLoaded:1 Bounds:IsValid=true, Min=(X=26296.903 Y=-13876.511 Z=0.063), Max=(X=27681.643 Y=76114.332 Z=1200.063) RuntimeGrid:None EditorOnly:0 RuntimeOnly:0 HLODRelevant:1 ListedInSceneOutliner:1 IsMainWorldOnly:0
 |   |   |- [+] [ 47]
 |   |   |   |- Guid:D64E44C743F8F54D9D87989BAA76A5A1 BaseClass: NativeClass:/Script/Engine.StaticMeshActor Name:StaticMeshActor_UAID_704D7B3C40A8A8F201_1655958280 Label:Cube21 SpatiallyLoaded:1 Bounds:IsValid=true, Min=(X=27426.777 Y=75837.061 Z=0.063), Max=(X=31558.747 Y=160741.388 Z=1200.063) RuntimeGrid:None EditorOnly:0 RuntimeOnly:0 HLODRelevant:1 ListedInSceneOutliner:1 IsMainWorldOnly:0
 |   |   |- [+] [ 48]
 |   |   |   |- Guid:E69F7399445639972B252F80CD3C4689 BaseClass: NativeClass:/Script/Engine.StaticMeshActor Name:StaticMeshActor_UAID_704D7B3C40A8A9F201_1796117464 Label:Cube29 SpatiallyLoaded:1 Bounds:IsValid=true, Min=(X=46571.849 Y=9680.354 Z=0.063), Max=(X=46844.301 Y=24679.446 Z=1200.063) RuntimeGrid:None EditorOnly:0 RuntimeOnly:0 HLODRelevant:1 ListedInSceneOutliner:1 IsMainWorldOnly:0
 |   |   |- [+] [ 49]
 |   |   |   |- Guid:EC4E0C944CE6AC6E784BC6BB2916EA13 BaseClass: NativeClass:/Script/Engine.StaticMeshActor Name:StaticMeshActor_UAID_A4AE111137DC5EFB00_1110535423 Label:SM_SkySphere SpatiallyLoaded:0 Bounds:IsValid=true, Min=(X=-1638180.000 Y=-1638400.000 Z=-1638160.000), Max=(X=1638620.000 Y=1638400.000 Z=1638640.000) RuntimeGrid:None EditorOnly:0 RuntimeOnly:0 HLODRelevant:1 ListedInSceneOutliner:1 IsMainWorldOnly:0 FolderPath:Lighting FolderGuid:963EC3EB4002CCE9759E2EBA541A873A
 |   |   |- [+] [ 50]
 |   |   |   |- Guid:EF708E7F45C67657CFAAC18101383544 BaseClass: NativeClass:/Script/Engine.StaticMeshActor Name:StaticMeshActor_UAID_704D7B3C40A8A8F201_1748516281 Label:Cube22 SpatiallyLoaded:1 Bounds:IsValid=true, Min=(X=31554.619 Y=161529.688 Z=0.063), Max=(X=34095.859 Y=261499.897 Z=1200.063) RuntimeGrid:None EditorOnly:0 RuntimeOnly:0 HLODRelevant:1 ListedInSceneOutliner:1 IsMainWorldOnly:0
 |   |   |- [+] [ 51]
 |   |   |   |- Guid:F1924B8D48954B30891B2DB6A694F9CC BaseClass: NativeClass:/Script/Engine.StaticMeshActor Name:StaticMeshActor_1 Label:SM_Cube SpatiallyLoaded:1 Bounds:IsValid=true, Min=(X=0.000 Y=-20690.000 Z=-50.000), Max=(X=200000.000 Y=279310.000 Z=0.000) RuntimeGrid:None EditorOnly:0 RuntimeOnly:0 HLODRelevant:1 ListedInSceneOutliner:1 IsMainWorldOnly:0 FolderPath:Playground FolderGuid:C73F09FC4215536B1DCE2A9E0A830C70
 |   |   |- [+] [ 52]
 |   |   |   |- Guid:F5E3FEB3450C49844FD93DA8E083C8AD BaseClass: NativeClass:/Script/Engine.PostProcessVolume Name:PostProcessVolume_0 Label:PostProcessVolume SpatiallyLoaded:0 Bounds:IsValid=true, Min=(X=220.000 Y=0.000 Z=640.000), Max=(X=420.000 Y=200.000 Z=840.000) RuntimeGrid:None EditorOnly:0 RuntimeOnly:0 HLODRelevant:0 ListedInSceneOutliner:1 IsMainWorldOnly:0 FolderPath:Lighting FolderGuid:963EC3EB4002CCE9759E2EBA541A873A
 |   |   |- [+] [ 53]
 |   |   |   |- Guid:F7CCB3AC44E03428F1CFAF80475B9BB5 BaseClass: NativeClass:/Script/Engine.StaticMeshActor Name:StaticMeshActor_UAID_704D7B3C40A8D6F101_1201369333 Label:Cube12 SpatiallyLoaded:1 Bounds:IsValid=true, Min=(X=27305.366 Y=73632.674 Z=0.063), Max=(X=74759.003 Y=75831.350 Z=1200.063) RuntimeGrid:None EditorOnly:0 RuntimeOnly:0 HLODRelevant:1 ListedInSceneOutliner:1 IsMainWorldOnly:0
 |   |   |- [+] [ 54]
 |   |   |   |- Guid:FBD9C2FF4E92A198717534842C8F5F10 BaseClass: NativeClass:/Script/Engine.StaticMeshActor Name:StaticMeshActor_UAID_704D7B3C40A8D6F101_1205313334 Label:Cube13 SpatiallyLoaded:1 Bounds:IsValid=true, Min=(X=74574.837 Y=69421.616 Z=0.063), Max=(X=91492.117 Y=71196.846 Z=1200.063) RuntimeGrid:None EditorOnly:0 RuntimeOnly:0 HLODRelevant:1 ListedInSceneOutliner:1 IsMainWorldOnly:0
 |- ContainerInstances:
 |- [+] MainContainer:
 |   |-        ID: 00000000000000000000000000000000
 |   |-  ParentID: 00000000000000000000000000000000
 |   |-    Bounds: IsValid=false, Min=(X=0.000 Y=0.000 Z=0.000), Max=(X=0.000 Y=0.000 Z=0.000)
 |   |- Transform: 0.000000,0.000000,0.000000|0.000000,0.000000,-0.000000|1.000000,1.000000,1.000000
 |   |- Container: /Game/ThirdPerson/Maps/ThirdPersonMap
----------------------------------------------------------------------------------------------------------------
ThirdPersonMap - Persistent Level
----------------------------------------------------------------------------------------------------------------
[+] Content of ThirdPersonMap Persistent Level
 |- Always loaded Actor Count: 62 
 |- Actor Path: /Game/ThirdPerson/Maps/ThirdPersonMap.ThirdPersonMap:PersistentLevel.AbstractNavData-Default
 |- Actor Package: /Game/ThirdPerson/Maps/ThirdPersonMap
 |- Actor Path: /Game/ThirdPerson/Maps/ThirdPersonMap.ThirdPersonMap:PersistentLevel.Brush_0
 |- Actor Package: /Game/ThirdPerson/Maps/ThirdPersonMap
 |- Actor Path: /Game/ThirdPerson/Maps/ThirdPersonMap.ThirdPersonMap:PersistentLevel.DefaultPhysicsVolume_0
 |- Actor Package: /Game/ThirdPerson/Maps/ThirdPersonMap
 |- Actor Path: /Game/ThirdPerson/Maps/ThirdPersonMap.ThirdPersonMap:PersistentLevel.DirectionalLight_0
 |- Actor Package: /Game/__ExternalActors__/ThirdPerson/Maps/ThirdPersonMap/5/R1/TS5OQ5CRUWFZYL1ZQ7I416
 |- Actor Path: /Game/ThirdPerson/Maps/ThirdPersonMap.ThirdPersonMap:PersistentLevel.ExponentialHeightFog_0
 |- Actor Package: /Game/__ExternalActors__/ThirdPerson/Maps/ThirdPersonMap/6/J7/N10XDC9G27EMLS5AGZ6AVV
 |- Actor Path: /Game/ThirdPerson/Maps/ThirdPersonMap.ThirdPersonMap:PersistentLevel.GameplayDebuggerPlayerManager_0
 |- Actor Package: /Game/ThirdPerson/Maps/ThirdPersonMap
 |- Actor Path: /Game/ThirdPerson/Maps/ThirdPersonMap.ThirdPersonMap:PersistentLevel.PlayerStart_0
 |- Actor Package: /Game/__ExternalActors__/ThirdPerson/Maps/ThirdPersonMap/D/DE/SWSI13675DVYIZ0N4NF7Y3
 |- Actor Path: /Game/ThirdPerson/Maps/ThirdPersonMap.ThirdPersonMap:PersistentLevel.PostProcessVolume_0
 |- Actor Package: /Game/__ExternalActors__/ThirdPerson/Maps/ThirdPersonMap/1/AZ/A7GPT109Y6ZTTJD4A7TXER
 |- Actor Path: /Game/ThirdPerson/Maps/ThirdPersonMap.ThirdPersonMap:PersistentLevel.SkyAtmosphere_0
 |- Actor Package: /Game/__ExternalActors__/ThirdPerson/Maps/ThirdPersonMap/4/LN/30UBDLYFFA5ZR7U4W4L4GG
 |- Actor Path: /Game/ThirdPerson/Maps/ThirdPersonMap.ThirdPersonMap:PersistentLevel.SkyLight_1
 |- Actor Package: /Game/__ExternalActors__/ThirdPerson/Maps/ThirdPersonMap/8/S1/DXUWD12MD3HRWVVXX076BY
 |- Actor Path: /Game/ThirdPerson/Maps/ThirdPersonMap.ThirdPersonMap:PersistentLevel.StaticMeshActor_1
 |- Actor Package: /Game/__ExternalActors__/ThirdPerson/Maps/ThirdPersonMap/6/YO/NG2R9BPZVA7ZDN0Z4VSTG6
 |- Actor Path: /Game/ThirdPerson/Maps/ThirdPersonMap.ThirdPersonMap:PersistentLevel.StaticMeshActor_UAID_704D7B3C40A86AF201_1976230368
 |- Actor Package: /Game/__ExternalActors__/ThirdPerson/Maps/ThirdPersonMap/4/NF/4RHNNX2VATHYVECOT1TBYL
 |- Actor Path: /Game/ThirdPerson/Maps/ThirdPersonMap.ThirdPersonMap:PersistentLevel.StaticMeshActor_UAID_704D7B3C40A8A8F201_1274830279
 |- Actor Package: /Game/__ExternalActors__/ThirdPerson/Maps/ThirdPersonMap/B/OB/DQYK0NGHT3CCDNL42J60JV
 |- Actor Path: /Game/ThirdPerson/Maps/ThirdPersonMap.ThirdPersonMap:PersistentLevel.StaticMeshActor_UAID_704D7B3C40A8A8F201_1655958280
 |- Actor Package: /Game/__ExternalActors__/ThirdPerson/Maps/ThirdPersonMap/5/4G/U159RT65CQCRMLPJEOY826
 |- Actor Path: /Game/ThirdPerson/Maps/ThirdPersonMap.ThirdPersonMap:PersistentLevel.StaticMeshActor_UAID_704D7B3C40A8A8F201_1748516281
 |- Actor Package: /Game/__ExternalActors__/ThirdPerson/Maps/ThirdPersonMap/6/NC/U4R1G1HYD0IK74JDW6Q4EJ
 |- Actor Path: /Game/ThirdPerson/Maps/ThirdPersonMap.ThirdPersonMap:PersistentLevel.StaticMeshActor_UAID_704D7B3C40A8A8F201_2037770282
 |- Actor Package: /Game/__ExternalActors__/ThirdPerson/Maps/ThirdPersonMap/0/WG/GE2C25U53GQ2F77UI6G1O5
 |- Actor Path: /Game/ThirdPerson/Maps/ThirdPersonMap.ThirdPersonMap:PersistentLevel.StaticMeshActor_UAID_704D7B3C40A8A9F201_1189739459
 |- Actor Package: /Game/__ExternalActors__/ThirdPerson/Maps/ThirdPersonMap/7/AK/WBQZ4U1PIRUXCB1SRUXC0W
 |- Actor Path: /Game/ThirdPerson/Maps/ThirdPersonMap.ThirdPersonMap:PersistentLevel.StaticMeshActor_UAID_704D7B3C40A8A9F201_1276275460
 |- Actor Package: /Game/__ExternalActors__/ThirdPerson/Maps/ThirdPersonMap/5/L5/XNX0KI4B7MEQ9T3ZSC92WR
 |- Actor Path: /Game/ThirdPerson/Maps/ThirdPersonMap.ThirdPersonMap:PersistentLevel.StaticMeshActor_UAID_704D7B3C40A8A9F201_1442391461
 |- Actor Package: /Game/__ExternalActors__/ThirdPerson/Maps/ThirdPersonMap/0/8X/7OV6ACX0QUKX7JMR3BF5H8
 |- Actor Path: /Game/ThirdPerson/Maps/ThirdPersonMap.ThirdPersonMap:PersistentLevel.StaticMeshActor_UAID_704D7B3C40A8A9F201_1672026462
 |- Actor Package: /Game/__ExternalActors__/ThirdPerson/Maps/ThirdPersonMap/8/9X/96F18UOFOXWFV7UN7F88N0
 |- Actor Path: /Game/ThirdPerson/Maps/ThirdPersonMap.ThirdPersonMap:PersistentLevel.StaticMeshActor_UAID_704D7B3C40A8A9F201_1709860463
 |- Actor Package: /Game/__ExternalActors__/ThirdPerson/Maps/ThirdPersonMap/A/PV/HKZYQYHZQLWMZMF2UZ4AOS
 |- Actor Path: /Game/ThirdPerson/Maps/ThirdPersonMap.ThirdPersonMap:PersistentLevel.StaticMeshActor_UAID_704D7B3C40A8A9F201_1796117464
 |- Actor Package: /Game/__ExternalActors__/ThirdPerson/Maps/ThirdPersonMap/9/SZ/JO84W1PRG2YOEBR6S3PBIW
 |- Actor Path: /Game/ThirdPerson/Maps/ThirdPersonMap.ThirdPersonMap:PersistentLevel.StaticMeshActor_UAID_704D7B3C40A8A9F201_1885301465
 |- Actor Package: /Game/__ExternalActors__/ThirdPerson/Maps/ThirdPersonMap/8/HX/GIYFJFZ6TAXLM764G2YXNM
 |- Actor Path: /Game/ThirdPerson/Maps/ThirdPersonMap.ThirdPersonMap:PersistentLevel.StaticMeshActor_UAID_704D7B3C40A8A9F201_2089934466
 |- Actor Package: /Game/__ExternalActors__/ThirdPerson/Maps/ThirdPersonMap/2/5O/YRO2TPJXTOGPTQ1KD8A4DP
 |- Actor Path: /Game/ThirdPerson/Maps/ThirdPersonMap.ThirdPersonMap:PersistentLevel.StaticMeshActor_UAID_704D7B3C40A8AAF201_1092010643
 |- Actor Package: /Game/__ExternalActors__/ThirdPerson/Maps/ThirdPersonMap/E/4A/1LQJPRN2UD6INUHO62XLU2
 |- Actor Path: /Game/ThirdPerson/Maps/ThirdPersonMap.ThirdPersonMap:PersistentLevel.StaticMeshActor_UAID_704D7B3C40A8AAF201_1205789644
 |- Actor Package: /Game/__ExternalActors__/ThirdPerson/Maps/ThirdPersonMap/8/PW/XGYXFAVHIBQJEGH1QK85EE
 |- Actor Path: /Game/ThirdPerson/Maps/ThirdPersonMap.ThirdPersonMap:PersistentLevel.StaticMeshActor_UAID_704D7B3C40A8AAF201_1379079645
 |- Actor Package: /Game/__ExternalActors__/ThirdPerson/Maps/ThirdPersonMap/2/VN/Z2ZIZOX34OMSJIUUFXW8NM
 |- Actor Path: /Game/ThirdPerson/Maps/ThirdPersonMap.ThirdPersonMap:PersistentLevel.StaticMeshActor_UAID_704D7B3C40A8AAF201_1478424646
 |- Actor Package: /Game/__ExternalActors__/ThirdPerson/Maps/ThirdPersonMap/5/LC/RN40GTO0SJSDA56SQ3V1V1
 |- Actor Path: /Game/ThirdPerson/Maps/ThirdPersonMap.ThirdPersonMap:PersistentLevel.StaticMeshActor_UAID_704D7B3C40A8AAF201_1549078647
 |- Actor Package: /Game/__ExternalActors__/ThirdPerson/Maps/ThirdPersonMap/6/QE/EN588XO61HCZT2K66HJPH4
 |- Actor Path: /Game/ThirdPerson/Maps/ThirdPersonMap.ThirdPersonMap:PersistentLevel.StaticMeshActor_UAID_704D7B3C40A8AAF201_1619224648
 |- Actor Package: /Game/__ExternalActors__/ThirdPerson/Maps/ThirdPersonMap/4/T6/Q3NZD930EWQO6AEACPIWUM
 |- Actor Path: /Game/ThirdPerson/Maps/ThirdPersonMap.ThirdPersonMap:PersistentLevel.StaticMeshActor_UAID_704D7B3C40A8AAF201_1769024649
 |- Actor Package: /Game/__ExternalActors__/ThirdPerson/Maps/ThirdPersonMap/F/2R/YW751JHB5FRYIA3WWZVZ5M
 |- Actor Path: /Game/ThirdPerson/Maps/ThirdPersonMap.ThirdPersonMap:PersistentLevel.StaticMeshActor_UAID_704D7B3C40A8AAF201_1849947651
 |- Actor Package: /Game/__ExternalActors__/ThirdPerson/Maps/ThirdPersonMap/5/W8/IU44IMSOFD303NLOV4SW89
 |- Actor Path: /Game/ThirdPerson/Maps/ThirdPersonMap.ThirdPersonMap:PersistentLevel.StaticMeshActor_UAID_704D7B3C40A8AAF201_1894672652
 |- Actor Package: /Game/__ExternalActors__/ThirdPerson/Maps/ThirdPersonMap/6/MT/DT65FIES5HVB9427M7QR2R
 |- Actor Path: /Game/ThirdPerson/Maps/ThirdPersonMap.ThirdPersonMap:PersistentLevel.StaticMeshActor_UAID_704D7B3C40A8ADF201_1712625181
 |- Actor Package: /Game/__ExternalActors__/ThirdPerson/Maps/ThirdPersonMap/7/Q8/KABDKPJ84NEWLR8X4FK14L
 |- Actor Path: /Game/ThirdPerson/Maps/ThirdPersonMap.ThirdPersonMap:PersistentLevel.StaticMeshActor_UAID_704D7B3C40A8B0F201_2077590710
 |- Actor Package: /Game/__ExternalActors__/ThirdPerson/Maps/ThirdPersonMap/1/HB/XFBYL7F73RXRWEUMD9XVYT
 |- Actor Path: /Game/ThirdPerson/Maps/ThirdPersonMap.ThirdPersonMap:PersistentLevel.StaticMeshActor_UAID_704D7B3C40A8B1F201_1267109887
 |- Actor Package: /Game/__ExternalActors__/ThirdPerson/Maps/ThirdPersonMap/D/MQ/N86WQJAO48JYVLPHCUEV5G
 |- Actor Path: /Game/ThirdPerson/Maps/ThirdPersonMap.ThirdPersonMap:PersistentLevel.StaticMeshActor_UAID_704D7B3C40A8B1F201_1387402888
 |- Actor Package: /Game/__ExternalActors__/ThirdPerson/Maps/ThirdPersonMap/4/MU/732GCEX991DM4TA2W0CI4Q
 |- Actor Path: /Game/ThirdPerson/Maps/ThirdPersonMap.ThirdPersonMap:PersistentLevel.StaticMeshActor_UAID_704D7B3C40A8B1F201_1993456889
 |- Actor Package: /Game/__ExternalActors__/ThirdPerson/Maps/ThirdPersonMap/8/NU/WTJ9T8EC77FLGJGM1WM72Z
 |- Actor Path: /Game/ThirdPerson/Maps/ThirdPersonMap.ThirdPersonMap:PersistentLevel.StaticMeshActor_UAID_704D7B3C40A8B3F201_1382135244
 |- Actor Package: /Game/__ExternalActors__/ThirdPerson/Maps/ThirdPersonMap/A/68/UOK7GXUAFZ329X8OZ43POM
 |- Actor Path: /Game/ThirdPerson/Maps/ThirdPersonMap.ThirdPersonMap:PersistentLevel.StaticMeshActor_UAID_704D7B3C40A8D4F101_1908766967
 |- Actor Package: /Game/__ExternalActors__/ThirdPerson/Maps/ThirdPersonMap/B/1N/BO1R6XYK5A1UR40Q4RFW0J
 |- Actor Path: /Game/ThirdPerson/Maps/ThirdPersonMap.ThirdPersonMap:PersistentLevel.StaticMeshActor_UAID_704D7B3C40A8D5F101_1086300144
 |- Actor Package: /Game/__ExternalActors__/ThirdPerson/Maps/ThirdPersonMap/8/3C/EPRSN4TRMX7UIWE8GXEMDQ
 |- Actor Path: /Game/ThirdPerson/Maps/ThirdPersonMap.ThirdPersonMap:PersistentLevel.StaticMeshActor_UAID_704D7B3C40A8D5F101_1365483146
 |- Actor Package: /Game/__ExternalActors__/ThirdPerson/Maps/ThirdPersonMap/5/29/GF07EYRWQNVD2H43AFQQUY
 |- Actor Path: /Game/ThirdPerson/Maps/ThirdPersonMap.ThirdPersonMap:PersistentLevel.StaticMeshActor_UAID_704D7B3C40A8D5F101_1443063147
 |- Actor Package: /Game/__ExternalActors__/ThirdPerson/Maps/ThirdPersonMap/6/XT/DPX39TBZNKNFX0LL5SU3BA
 |- Actor Path: /Game/ThirdPerson/Maps/ThirdPersonMap.ThirdPersonMap:PersistentLevel.StaticMeshActor_UAID_704D7B3C40A8D5F101_1879814150
 |- Actor Package: /Game/__ExternalActors__/ThirdPerson/Maps/ThirdPersonMap/3/TB/Y7VY680N2VDDRCH1WTI8QD
 |- Actor Path: /Game/ThirdPerson/Maps/ThirdPersonMap.ThirdPersonMap:PersistentLevel.StaticMeshActor_UAID_704D7B3C40A8D5F101_1982693151
 |- Actor Package: /Game/__ExternalActors__/ThirdPerson/Maps/ThirdPersonMap/6/LA/Q685XYCXGLKYSE0NCZLK3D
 |- Actor Path: /Game/ThirdPerson/Maps/ThirdPersonMap.ThirdPersonMap:PersistentLevel.StaticMeshActor_UAID_704D7B3C40A8D5F101_2050045152
 |- Actor Package: /Game/__ExternalActors__/ThirdPerson/Maps/ThirdPersonMap/1/5V/JCS3O0X48TGRLB4GZQ73M8
 |- Actor Path: /Game/ThirdPerson/Maps/ThirdPersonMap.ThirdPersonMap:PersistentLevel.StaticMeshActor_UAID_704D7B3C40A8D5F101_2105070153
 |- Actor Package: /Game/__ExternalActors__/ThirdPerson/Maps/ThirdPersonMap/2/OJ/XSWNHRIWNPRMYPCUGPZW17
 |- Actor Path: /Game/ThirdPerson/Maps/ThirdPersonMap.ThirdPersonMap:PersistentLevel.StaticMeshActor_UAID_704D7B3C40A8D5F101_2132811154
 |- Actor Package: /Game/__ExternalActors__/ThirdPerson/Maps/ThirdPersonMap/E/DX/WGG19Q7JYB98Y3NZ4ISOEU
 |- Actor Path: /Game/ThirdPerson/Maps/ThirdPersonMap.ThirdPersonMap:PersistentLevel.StaticMeshActor_UAID_704D7B3C40A8D6F101_1171047331
 |- Actor Package: /Game/__ExternalActors__/ThirdPerson/Maps/ThirdPersonMap/C/XQ/T13DH4V91B9EDTRLX9CL5W
 |- Actor Path: /Game/ThirdPerson/Maps/ThirdPersonMap.ThirdPersonMap:PersistentLevel.StaticMeshActor_UAID_704D7B3C40A8D6F101_1189505332
 |- Actor Package: /Game/__ExternalActors__/ThirdPerson/Maps/ThirdPersonMap/B/8J/LNO9FKXL1WEZ724U09BCEE
 |- Actor Path: /Game/ThirdPerson/Maps/ThirdPersonMap.ThirdPersonMap:PersistentLevel.StaticMeshActor_UAID_704D7B3C40A8D6F101_1201369333
 |- Actor Package: /Game/__ExternalActors__/ThirdPerson/Maps/ThirdPersonMap/A/1N/7LI3VZ1ATY6RMZ0D3JPVJW
 |- Actor Path: /Game/ThirdPerson/Maps/ThirdPersonMap.ThirdPersonMap:PersistentLevel.StaticMeshActor_UAID_704D7B3C40A8D6F101_1205313334
 |- Actor Package: /Game/__ExternalActors__/ThirdPerson/Maps/ThirdPersonMap/A/S6/2FGC0YKRSSGL7P8MOKMTC9
 |- Actor Path: /Game/ThirdPerson/Maps/ThirdPersonMap.ThirdPersonMap:PersistentLevel.StaticMeshActor_UAID_704D7B3C40A8D7F101_1648566512
 |- Actor Package: /Game/__ExternalActors__/ThirdPerson/Maps/ThirdPersonMap/8/0A/WQ2GIRO3VMCFBZPR2JF77E
 |- Actor Path: /Game/ThirdPerson/Maps/ThirdPersonMap.ThirdPersonMap:PersistentLevel.StaticMeshActor_UAID_704D7B3C40A8D7F101_1698887513
 |- Actor Package: /Game/__ExternalActors__/ThirdPerson/Maps/ThirdPersonMap/C/T0/P8X077TB3O0I1YWRF53T3R
 |- Actor Path: /Game/ThirdPerson/Maps/ThirdPersonMap.ThirdPersonMap:PersistentLevel.StaticMeshActor_UAID_704D7B3C40A8D7F101_1884703515
 |- Actor Package: /Game/__ExternalActors__/ThirdPerson/Maps/ThirdPersonMap/C/A2/5L1F2RMHXOYATAVAFVMO66
 |- Actor Path: /Game/ThirdPerson/Maps/ThirdPersonMap.ThirdPersonMap:PersistentLevel.StaticMeshActor_UAID_704D7B3C40A8D7F101_1966018517
 |- Actor Package: /Game/__ExternalActors__/ThirdPerson/Maps/ThirdPersonMap/1/A5/B42T3KKQCO0AMG6YG1BTR6
 |- Actor Path: /Game/ThirdPerson/Maps/ThirdPersonMap.ThirdPersonMap:PersistentLevel.StaticMeshActor_UAID_A4AE111137DC5EFB00_1110535423
 |- Actor Package: /Game/__ExternalActors__/ThirdPerson/Maps/ThirdPersonMap/4/PN/2QISIGK5DJNQ05US8O8FXW
 |- Actor Path: /Game/ThirdPerson/Maps/ThirdPersonMap.ThirdPersonMap:PersistentLevel.ThirdPersonExampleMap_C_0
 |- Actor Package: /Game/ThirdPerson/Maps/ThirdPersonMap
 |- Actor Path: /Game/ThirdPerson/Maps/ThirdPersonMap.ThirdPersonMap:PersistentLevel.VolumetricCloud_0
 |- Actor Package: /Game/__ExternalActors__/ThirdPerson/Maps/ThirdPersonMap/3/EY/87SHEJN5UBEAN2K5OV1G6R
 |- Actor Path: /Game/ThirdPerson/Maps/ThirdPersonMap.ThirdPersonMap:PersistentLevel.WorldDataLayers
 |- Actor Package: /Game/__ExternalActors__/ThirdPerson/Maps/ThirdPersonMap/0/43/HYQWORMY4JDQ5X3OKZXFLC
 |- Actor Path: /Game/ThirdPerson/Maps/ThirdPersonMap.ThirdPersonMap:PersistentLevel.WorldInfo_0
 |- Actor Package: /Game/ThirdPerson/Maps/ThirdPersonMap
 |- Actor Path: /Game/ThirdPerson/Maps/ThirdPersonMap.ThirdPersonMap:PersistentLevel.WorldPartitionMiniMap_0
 |- Actor Package: /Game/__ExternalActors__/ThirdPerson/Maps/ThirdPersonMap/E/FR/LBG6LPN5JCL3FMVSI2CK6R

----------------------------------------------------------------------------------------------------------------
ThirdPersonMap - Runtime Spatial Hash - Streaming Grid - MainGrid
----------------------------------------------------------------------------------------------------------------
            Origin: X=0.000 Y=0.000 Z=0.000
         Cell Size: 12800
      World Bounds: IsValid=false, Min=(X=0.000 Y=0.000 Z=0.000), Max=(X=0.000 Y=0.000 Z=0.000)
     Loading Range: 25600.00
Block Slow Loading: No
 ClientOnlyVisible: No
            Origin: X=0.000 Y=0.000 Z=0.000

[+] Grid Levels: 1
 |- Level  0: Cell Count    0 | Cell Size   12800 | Actor Count    0 (0.0%)

[+] Content of Grid Level 0

